# JRE version: OpenJDK Runtime Environment Temurin-22.0.2+9 (22.0.2+9) (build 22.0.2+9)
# Java VM: OpenJDK 64-Bit Server VM Temurin-22.0.2+9 (22.0.2+9, mixed mode, emulated-client, tiered, compressed oops, compressed class ptrs, g1 gc, windows-amd64)
GC Precious Log:
 CardTable entry size: 512
 Card Set container configuration: InlinePtr #cards 4 size 8 Array Of Cards #cards 64 size 144 Howl #buckets 8 coarsen threshold 14745 Howl Bitmap #cards 2048 size 272 coarsen threshold 1843 Card regions per heap region 1 cards per card region 16384
 CPUs: 16 total, 16 available
 Memory: 40812M
 Large Page Support: Disabled
 NUMA Support: Disabled
 Compressed Oops: Enabled (Zero based)
 Heap Region Size: 8M
 Heap Min Capacity: 8M
 Heap Initial Capacity: 640M
 Heap Max Capacity: 10208M
 Pre-touch: Disabled
 Parallel Workers: 13
 Concurrent Workers: 3
 Concurrent Refinement Workers: 13
 Periodic GC: Disabled
Heap:
 garbage-first heap   total reserved 10452992K, committed 81920K, used 53602K [0x0000000582000000, 0x0000000800000000)
  region size 8192K, 5 young (40960K), 1 survivors (8192K)
 Metaspace       used 66749K, committed 67456K, reserved 1114112K
  class space    used 8120K, committed 8448K, reserved 1048576K
GC Heap History (20 events):
Event: 2106.140 GC heap before
{Heap before GC invocations=71 (full 14):
 garbage-first heap   total reserved 10452992K, committed 81920K, used 35920K [0x0000000582000000, 0x0000000800000000)
  region size 8192K, 3 young (24576K), 1 survivors (8192K)
 Metaspace       used 66067K, committed 67264K, reserved 1114112K
  class space    used 8039K, committed 8448K, reserved 1048576K
}
Event: 2106.141 GC heap after
{Heap after GC invocations=72 (full 14):
 garbage-first heap   total reserved 10452992K, committed 81920K, used 28220K [0x0000000582000000, 0x0000000800000000)
  region size 8192K, 1 young (8192K), 1 survivors (8192K)
 Metaspace       used 66067K, committed 67264K, reserved 1114112K
  class space    used 8039K, committed 8448K, reserved 1048576K
}
Event: 2109.828 GC heap before
{Heap before GC invocations=73 (full 14):
 garbage-first heap   total reserved 10452992K, committed 81920K, used 52796K [0x0000000582000000, 0x0000000800000000)
  region size 8192K, 5 young (40960K), 1 survivors (8192K)
 Metaspace       used 66169K, committed 67264K, reserved 1114112K
  class space    used 8047K, committed 8448K, reserved 1048576K
}
Event: 2109.902 GC heap after
{Heap after GC invocations=74 (full 15):
 garbage-first heap   total reserved 10452992K, committed 81920K, used 24389K [0x0000000582000000, 0x0000000800000000)
  region size 8192K, 0 young (0K), 0 survivors (0K)
 Metaspace       used 66164K, committed 67264K, reserved 1114112K
  class space    used 8046K, committed 8448K, reserved 1048576K
}
Event: 2110.197 GC heap before
{Heap before GC invocations=74 (full 15):
 garbage-first heap   total reserved 10452992K, committed 81920K, used 73541K [0x0000000582000000, 0x0000000800000000)
  region size 8192K, 6 young (49152K), 0 survivors (0K)
 Metaspace       used 66224K, committed 67264K, reserved 1114112K
  class space    used 8057K, committed 8448K, reserved 1048576K
}
Event: 2110.199 GC heap after
{Heap after GC invocations=75 (full 15):
 garbage-first heap   total reserved 10452992K, committed 81920K, used 27791K [0x0000000582000000, 0x0000000800000000)
  region size 8192K, 1 young (8192K), 1 survivors (8192K)
 Metaspace       used 66224K, committed 67264K, reserved 1114112K
  class space    used 8057K, committed 8448K, reserved 1048576K
}
Event: 2112.320 GC heap before
{Heap before GC invocations=76 (full 15):
 garbage-first heap   total reserved 10452992K, committed 81920K, used 68751K [0x0000000582000000, 0x0000000800000000)
  region size 8192K, 6 young (49152K), 1 survivors (8192K)
 Metaspace       used 66310K, committed 67264K, reserved 1114112K
  class space    used 8064K, committed 8448K, reserved 1048576K
}
Event: 2112.321 GC heap after
{Heap after GC invocations=77 (full 15):
 garbage-first heap   total reserved 10452992K, committed 81920K, used 29183K [0x0000000582000000, 0x0000000800000000)
  region size 8192K, 1 young (8192K), 1 survivors (8192K)
 Metaspace       used 66310K, committed 67264K, reserved 1114112K
  class space    used 8064K, committed 8448K, reserved 1048576K
}
Event: 2283.443 GC heap before
{Heap before GC invocations=77 (full 15):
 garbage-first heap   total reserved 10452992K, committed 81920K, used 45567K [0x0000000582000000, 0x0000000800000000)
  region size 8192K, 4 young (32768K), 1 survivors (8192K)
 Metaspace       used 66385K, committed 67264K, reserved 1114112K
  class space    used 8081K, committed 8448K, reserved 1048576K
}
Event: 2283.509 GC heap after
{Heap after GC invocations=78 (full 16):
 garbage-first heap   total reserved 10452992K, committed 81920K, used 24901K [0x0000000582000000, 0x0000000800000000)
  region size 8192K, 0 young (0K), 0 survivors (0K)
 Metaspace       used 66372K, committed 67264K, reserved 1114112K
  class space    used 8079K, committed 8448K, reserved 1048576K
}
Event: 2283.797 GC heap before
{Heap before GC invocations=78 (full 16):
 garbage-first heap   total reserved 10452992K, committed 81920K, used 65861K [0x0000000582000000, 0x0000000800000000)
  region size 8192K, 5 young (40960K), 0 survivors (0K)
 Metaspace       used 66430K, committed 67264K, reserved 1114112K
  class space    used 8089K, committed 8448K, reserved 1048576K
}
Event: 2283.799 GC heap after
{Heap after GC invocations=79 (full 16):
 garbage-first heap   total reserved 10452992K, committed 81920K, used 28141K [0x0000000582000000, 0x0000000800000000)
  region size 8192K, 1 young (8192K), 1 survivors (8192K)
 Metaspace       used 66430K, committed 67264K, reserved 1114112K
  class space    used 8089K, committed 8448K, reserved 1048576K
}
Event: 2284.056 GC heap before
{Heap before GC invocations=80 (full 16):
 garbage-first heap   total reserved 10452992K, committed 81920K, used 60909K [0x0000000582000000, 0x0000000800000000)
  region size 8192K, 5 young (40960K), 1 survivors (8192K)
 Metaspace       used 66461K, committed 67264K, reserved 1114112K
  class space    used 8082K, committed 8448K, reserved 1048576K
}
Event: 2284.058 GC heap after
{Heap after GC invocations=81 (full 16):
 garbage-first heap   total reserved 10452992K, committed 81920K, used 29320K [0x0000000582000000, 0x0000000800000000)
  region size 8192K, 1 young (8192K), 1 survivors (8192K)
 Metaspace       used 66461K, committed 67264K, reserved 1114112K
  class space    used 8082K, committed 8448K, reserved 1048576K
}
Event: 2333.240 GC heap before
{Heap before GC invocations=81 (full 16):
 garbage-first heap   total reserved 10452992K, committed 81920K, used 45704K [0x0000000582000000, 0x0000000800000000)
  region size 8192K, 5 young (40960K), 1 survivors (8192K)
 Metaspace       used 66562K, committed 67264K, reserved 1114112K
  class space    used 8103K, committed 8448K, reserved 1048576K
}
Event: 2333.308 GC heap after
{Heap after GC invocations=82 (full 17):
 garbage-first heap   total reserved 10452992K, committed 81920K, used 24845K [0x0000000582000000, 0x0000000800000000)
  region size 8192K, 0 young (0K), 0 survivors (0K)
 Metaspace       used 66541K, committed 67264K, reserved 1114112K
  class space    used 8100K, committed 8448K, reserved 1048576K
}
Event: 2333.595 GC heap before
{Heap before GC invocations=82 (full 17):
 garbage-first heap   total reserved 10452992K, committed 81920K, used 65805K [0x0000000582000000, 0x0000000800000000)
  region size 8192K, 5 young (40960K), 0 survivors (0K)
 Metaspace       used 66603K, committed 67328K, reserved 1114112K
  class space    used 8111K, committed 8448K, reserved 1048576K
}
Event: 2333.597 GC heap after
{Heap after GC invocations=83 (full 17):
 garbage-first heap   total reserved 10452992K, committed 81920K, used 28035K [0x0000000582000000, 0x0000000800000000)
  region size 8192K, 1 young (8192K), 1 survivors (8192K)
 Metaspace       used 66603K, committed 67328K, reserved 1114112K
  class space    used 8111K, committed 8448K, reserved 1048576K
}
Event: 2333.857 GC heap before
{Heap before GC invocations=84 (full 17):
 garbage-first heap   total reserved 10452992K, committed 81920K, used 52611K [0x0000000582000000, 0x0000000800000000)
  region size 8192K, 5 young (40960K), 1 survivors (8192K)
 Metaspace       used 66679K, committed 67392K, reserved 1114112K
  class space    used 8115K, committed 8448K, reserved 1048576K
}
Event: 2333.859 GC heap after
{Heap after GC invocations=85 (full 17):
 garbage-first heap   total reserved 10452992K, committed 81920K, used 29026K [0x0000000582000000, 0x0000000800000000)
  region size 8192K, 1 young (8192K), 1 survivors (8192K)
 Metaspace       used 66679K, committed 67392K, reserved 1114112K
  class space    used 8115K, committed 8448K, reserved 1048576K
}

